android/app/build/intermediates/manifest_merge_blame_file/debug/manifest-merger-blame-debug-report.txt
1<?xml version="1.0" encoding="utf-8"?>
2<manifest xmlns:android="http://schemas.android.com/apk/res/android"
3    package="com.postfeedapp"
4    android:versionCode="1"
5    android:versionName="1.0" >
6
7    <uses-sdk
8        android:minSdkVersion="21"
9        android:targetSdkVersion="33" />
10
11    <uses-permission android:name="android.permission.SYSTEM_ALERT_WINDOW" />
11-->src/debug/AndroidManifest.xml:5:5-77
11-->src/debug/AndroidManifest.xml:5:22-75
12    <uses-permission android:name="android.permission.INTERNET" />
12-->src/main/AndroidManifest.xml:2:2-64
12-->src/main/AndroidManifest.xml:2:19-61
13    <uses-permission android:name="android.permission.ACCESS_WIFI_STATE" />
13-->[com.facebook.flipper:flipper:0.182.0] AndroidManifest.xml:16:5-76
13-->[com.facebook.flipper:flipper:0.182.0] AndroidManifest.xml:16:22-73
14
15    <application
15-->src/main/AndroidManifest.xml:3:2-10:16
16        android:name="com.postfeedapp.MainApplication"
16-->src/main/AndroidManifest.xml:3:15-46
17        android:allowBackup="false"
17-->src/main/AndroidManifest.xml:3:161-188
18        android:appComponentFactory="androidx.core.app.CoreComponentFactory"
18-->[androidx.core:core:1.7.0] AndroidManifest.xml:24:18-86
19        android:debuggable="true"
20        android:icon="@mipmap/ic_launcher"
20-->src/main/AndroidManifest.xml:3:80-114
21        android:label="@string/app_name"
21-->src/main/AndroidManifest.xml:3:47-79
22        android:roundIcon="@mipmap/ic_launcher_round"
22-->src/main/AndroidManifest.xml:3:115-160
23        android:theme="@style/AppTheme"
23-->src/main/AndroidManifest.xml:3:225-256
24        android:usesCleartextTraffic="true" >
24-->src/main/AndroidManifest.xml:3:189-224
25        <activity
25-->src/debug/AndroidManifest.xml:11:9-111
26            android:name="com.facebook.react.devsupport.DevSettingsActivity"
26-->src/debug/AndroidManifest.xml:11:19-83
27            android:exported="false" />
27-->src/debug/AndroidManifest.xml:11:84-108
28        <activity
28-->src/main/AndroidManifest.xml:4:3-9:14
29            android:name="com.postfeedapp.MainActivity"
29-->src/main/AndroidManifest.xml:4:13-41
30            android:configChanges="keyboard|keyboardHidden|orientation|screenLayout|screenSize|smallestScreenSize|uiMode"
30-->src/main/AndroidManifest.xml:4:75-184
31            android:exported="true"
31-->src/main/AndroidManifest.xml:4:260-283
32            android:label="@string/app_name"
32-->src/main/AndroidManifest.xml:4:42-74
33            android:launchMode="singleTask"
33-->src/main/AndroidManifest.xml:4:185-216
34            android:windowSoftInputMode="adjustResize" >
34-->src/main/AndroidManifest.xml:4:217-259
35            <intent-filter>
35-->src/main/AndroidManifest.xml:5:4-8:20
36                <action android:name="android.intent.action.MAIN" />
36-->src/main/AndroidManifest.xml:6:5-57
36-->src/main/AndroidManifest.xml:6:13-54
37
38                <category android:name="android.intent.category.LAUNCHER" />
38-->src/main/AndroidManifest.xml:7:5-65
38-->src/main/AndroidManifest.xml:7:15-62
39            </intent-filter>
40        </activity>
41
42        <meta-data
42-->[com.facebook.soloader:soloader:0.10.5] AndroidManifest.xml:12:9-14:37
43            android:name="com.facebook.soloader.enabled"
43-->[com.facebook.soloader:soloader:0.10.5] AndroidManifest.xml:13:13-57
44            android:value="false" />
44-->[com.facebook.soloader:soloader:0.10.5] AndroidManifest.xml:14:13-34
45
46        <provider
46-->[androidx.emoji2:emoji2:1.0.0] AndroidManifest.xml:26:9-34:20
47            android:name="androidx.startup.InitializationProvider"
47-->[androidx.emoji2:emoji2:1.0.0] AndroidManifest.xml:27:13-67
48            android:authorities="com.postfeedapp.androidx-startup"
48-->[androidx.emoji2:emoji2:1.0.0] AndroidManifest.xml:28:13-68
49            android:exported="false" >
49-->[androidx.emoji2:emoji2:1.0.0] AndroidManifest.xml:29:13-37
50            <meta-data
50-->[androidx.emoji2:emoji2:1.0.0] AndroidManifest.xml:31:13-33:52
51                android:name="androidx.emoji2.text.EmojiCompatInitializer"
51-->[androidx.emoji2:emoji2:1.0.0] AndroidManifest.xml:32:17-75
52                android:value="androidx.startup" />
52-->[androidx.emoji2:emoji2:1.0.0] AndroidManifest.xml:33:17-49
53            <meta-data
53-->[androidx.lifecycle:lifecycle-process:2.4.0] AndroidManifest.xml:31:13-33:52
54                android:name="androidx.lifecycle.ProcessLifecycleInitializer"
54-->[androidx.lifecycle:lifecycle-process:2.4.0] AndroidManifest.xml:32:17-78
55                android:value="androidx.startup" />
55-->[androidx.lifecycle:lifecycle-process:2.4.0] AndroidManifest.xml:33:17-49
56        </provider>
57    </application>
58
59</manifest>